<?xml version="1.0" encoding="UTF-8"?>
<!-- Generated by org.testng.reporters.JUnitXMLReporter -->
<testsuite ignored="0" hostname="PU-NB-SANA3" failures="0" tests="15" name="Accounts Page Test_chrome_79" time="99.631" errors="0" timestamp="31 Mar 2023 15:36:06 GMT">
  <testcase classname="com.qa.opencart.test.AccountsPageTest" name="accPageHeadersCountTest" time="0.385"/>
  <testcase classname="com.qa.opencart.test.AccountsPageTest" name="accPageHeadersValueTest" time="0.274"/>
  <testcase classname="com.qa.opencart.test.AccountsPageTest" name="accPageTitleTest" time="0.048"/>
  <testcase classname="com.qa.opencart.test.AccountsPageTest" name="accPageURLTest" time="0.039"/>
  <testcase classname="com.qa.opencart.test.AccountsPageTest" name="isLogoutLinkExistTest" time="0.17"/>
  <testcase classname="com.qa.opencart.test.AccountsPageTest" name="searchProductCountTest" time="5.933"/>
  <testcase classname="com.qa.opencart.test.AccountsPageTest" name="searchProductCountTest" time="4.301"/>
  <testcase classname="com.qa.opencart.test.AccountsPageTest" name="searchProductCountTest" time="4.215"/>
  <testcase classname="com.qa.opencart.test.AccountsPageTest" name="searchProductCountTest" time="4.172"/>
  <testcase classname="com.qa.opencart.test.AccountsPageTest" name="searchProductTest" time="7.788"/>
  <testcase classname="com.qa.opencart.test.AccountsPageTest" name="searchProductTest" time="7.284"/>
  <testcase classname="com.qa.opencart.test.AccountsPageTest" name="searchProductTest" time="6.907"/>
  <testcase classname="com.qa.opencart.test.AccountsPageTest" name="searchProductTest" time="6.934"/>
  <testcase classname="com.qa.opencart.test.AccountsPageTest" name="searchProductTest" time="6.449"/>
  <testcase classname="com.qa.opencart.test.AccountsPageTest" name="searchProductTest" time="7.251"/>
</testsuite> <!-- Accounts Page Test_chrome_79 -->
