<?xml version="1.0" encoding="UTF-8"?>
<!-- Generated by org.testng.reporters.JUnitXMLReporter -->
<testsuite ignored="0" hostname="PU-NB-SANA3" failures="0" tests="4" name="Login Page Test" time="24.304" errors="0" timestamp="28 Mar 2023 14:53:46 GMT">
  <testcase classname="com.qa.opencart.test.LoginPageTest" name="loginPageTitleTest" time="0.105"/>
  <testcase classname="com.qa.opencart.test.LoginPageTest" name="loginPageURLTest" time="0.021"/>
  <testcase classname="com.qa.opencart.test.LoginPageTest" name="forgotPwdLinkExistTest" time="0.185"/>
  <testcase classname="com.qa.opencart.test.LoginPageTest" name="loginTest" time="4.867"/>
</testsuite> <!-- Login Page Test -->
