<?xml version="1.0" encoding="UTF-8"?>
<!-- Generated by org.testng.reporters.JUnitXMLReporter -->
<testsuite ignored="0" hostname="PU-NB-SANA3" failures="0" tests="4" name="Login Page Test_chrome" time="15.431" errors="0" timestamp="30 Mar 2023 19:36:48 GMT">
  <testcase classname="com.qa.opencart.test.LoginPageTest" name="loginPageTitleTest" time="0.214"/>
  <testcase classname="com.qa.opencart.test.LoginPageTest" name="loginPageURLTest" time="0.017"/>
  <testcase classname="com.qa.opencart.test.LoginPageTest" name="forgotPwdLinkExistTest" time="0.229"/>
  <testcase classname="com.qa.opencart.test.LoginPageTest" name="loginTest" time="6.502"/>
</testsuite> <!-- Login Page Test_chrome -->
