<?xml version="1.0" encoding="UTF-8"?>
<!-- Generated by org.testng.reporters.JUnitXMLReporter -->
<testsuite ignored="0" hostname="PU-NB-SANA3" failures="0" tests="4" name="Login Page Test_chrome_90" time="39.186" errors="0" timestamp="31 Mar 2023 15:35:06 GMT">
  <testcase classname="com.qa.opencart.test.LoginPageTest" name="loginPageTitleTest" time="0.774"/>
  <testcase classname="com.qa.opencart.test.LoginPageTest" name="loginPageURLTest" time="0.114"/>
  <testcase classname="com.qa.opencart.test.LoginPageTest" name="forgotPwdLinkExistTest" time="0.555"/>
  <testcase classname="com.qa.opencart.test.LoginPageTest" name="loginTest" time="9.771"/>
</testsuite> <!-- Login Page Test_chrome_90 -->
