<?xml version="1.0" encoding="UTF-8"?>
<!-- Generated by org.testng.reporters.JUnitXMLReporter -->
<testsuite ignored="0" hostname="PU-NB-SANA3" failures="0" tests="3" name="Register Page Test" time="82.516" errors="0" timestamp="07 Mar 2023 17:42:42 GMT">
  <testcase classname="com.qa.opencart.test.RegistrationPageTest" name="userRegTest" time="24.807"/>
  <testcase classname="com.qa.opencart.test.RegistrationPageTest" name="userRegTest" time="23.442"/>
  <testcase classname="com.qa.opencart.test.RegistrationPageTest" name="userRegTest" time="23.559"/>
</testsuite> <!-- Register Page Test -->
