<?xml version="1.0" encoding="UTF-8"?>
<!-- Generated by org.testng.reporters.JUnitXMLReporter -->
<testsuite hostname="PU-NB-SANA3" ignored="0" name="Default test" tests="4" failures="0" timestamp="08 Mar 2023 08:46:08 GMT" time="18.072" errors="0">
  <testcase name="loginPageTitleTest" time="0.14" classname="com.qa.opencart.test.LoginPageTest"/>
  <testcase name="loginPageURLTest" time="0.019" classname="com.qa.opencart.test.LoginPageTest"/>
  <testcase name="forgotPwdLinkExistTest" time="0.204" classname="com.qa.opencart.test.LoginPageTest"/>
  <testcase name="loginTest" time="3.555" classname="com.qa.opencart.test.LoginPageTest"/>
</testsuite> <!-- Default test -->
