<?xml version="1.0" encoding="UTF-8"?>
<!-- Generated by org.testng.reporters.JUnitXMLReporter -->
<testsuite hostname="PU-NB-SANA3" ignored="0" name="Login Page Test" tests="4" failures="0" timestamp="09 Mar 2023 07:12:12 GMT" time="18.056" errors="0">
  <testcase name="loginPageTitleTest" time="0.118" classname="com.qa.opencart.test.LoginPageTest"/>
  <testcase name="loginPageURLTest" time="0.016" classname="com.qa.opencart.test.LoginPageTest"/>
  <testcase name="forgotPwdLinkExistTest" time="0.157" classname="com.qa.opencart.test.LoginPageTest"/>
  <testcase name="loginTest" time="3.488" classname="com.qa.opencart.test.LoginPageTest"/>
</testsuite> <!-- Login Page Test -->
